# JRE version: OpenJDK Runtime Environment (17.0.6) (build 17.0.6+0-b2043.56-10027231)
# Java VM: OpenJDK 64-Bit Server VM (17.0.6+0-b2043.56-10027231, mixed mode, tiered, compressed oops, compressed class ptrs, g1 gc, windows-amd64)
GC Precious Log:
 CPUs: 12 total, 12 available
 Memory: 7521M
 Large Page Support: Disabled
 NUMA Support: Disabled
 Compressed Oops: Enabled (32-bit)
 Heap Region Size: 1M
 Heap Min Capacity: 8M
 Heap Initial Capacity: 118M
 Heap Max Capacity: 2G
 Pre-touch: Disabled
 Parallel Workers: 10
 Concurrent Workers: 3
 Concurrent Refinement Workers: 10
 Periodic GC: Disabled
Heap:
 garbage-first heap   total 142336K, used 60200K [0x0000000080000000, 0x0000000100000000)
  region size 1024K, 7 young (7168K), 2 survivors (2048K)
 Metaspace       used 59947K, committed 60480K, reserved 1105920K
  class space    used 7941K, committed 8192K, reserved 1048576K
GC Heap History (20 events):
Event: 3.560 GC heap before
{Heap before GC invocations=4 (full 0):
 garbage-first heap   total 68608K, used 50232K [0x0000000080000000, 0x0000000100000000)
  region size 1024K, 40 young (40960K), 9 survivors (9216K)
 Metaspace       used 26075K, committed 26368K, reserved 1073152K
  class space    used 3420K, committed 3584K, reserved 1048576K
}
Event: 3.563 GC heap after
{Heap after GC invocations=5 (full 0):
 garbage-first heap   total 68608K, used 20044K [0x0000000080000000, 0x0000000100000000)
  region size 1024K, 3 young (3072K), 3 survivors (3072K)
 Metaspace       used 26075K, committed 26368K, reserved 1073152K
  class space    used 3420K, committed 3584K, reserved 1048576K
}
Event: 3.577 GC heap before
{Heap before GC invocations=5 (full 0):
 garbage-first heap   total 68608K, used 21068K [0x0000000080000000, 0x0000000100000000)
  region size 1024K, 4 young (4096K), 3 survivors (3072K)
 Metaspace       used 26192K, committed 26496K, reserved 1073152K
  class space    used 3443K, committed 3584K, reserved 1048576K
}
Event: 3.578 GC heap after
{Heap after GC invocations=6 (full 0):
 garbage-first heap   total 68608K, used 20396K [0x0000000080000000, 0x0000000100000000)
  region size 1024K, 1 young (1024K), 1 survivors (1024K)
 Metaspace       used 26192K, committed 26496K, reserved 1073152K
  class space    used 3443K, committed 3584K, reserved 1048576K
}
Event: 4.016 GC heap before
{Heap before GC invocations=6 (full 0):
 garbage-first heap   total 68608K, used 47020K [0x0000000080000000, 0x0000000100000000)
  region size 1024K, 27 young (27648K), 1 survivors (1024K)
 Metaspace       used 30389K, committed 30720K, reserved 1081344K
  class space    used 4129K, committed 4288K, reserved 1048576K
}
Event: 4.017 GC heap after
{Heap after GC invocations=7 (full 0):
 garbage-first heap   total 68608K, used 21478K [0x0000000080000000, 0x0000000100000000)
  region size 1024K, 2 young (2048K), 2 survivors (2048K)
 Metaspace       used 30389K, committed 30720K, reserved 1081344K
  class space    used 4129K, committed 4288K, reserved 1048576K
}
Event: 4.530 GC heap before
{Heap before GC invocations=7 (full 0):
 garbage-first heap   total 68608K, used 49126K [0x0000000080000000, 0x0000000100000000)
  region size 1024K, 29 young (29696K), 2 survivors (2048K)
 Metaspace       used 35144K, committed 35520K, reserved 1081344K
  class space    used 4854K, committed 5056K, reserved 1048576K
}
Event: 4.533 GC heap after
{Heap after GC invocations=8 (full 0):
 garbage-first heap   total 68608K, used 23392K [0x0000000080000000, 0x0000000100000000)
  region size 1024K, 4 young (4096K), 4 survivors (4096K)
 Metaspace       used 35144K, committed 35520K, reserved 1081344K
  class space    used 4854K, committed 5056K, reserved 1048576K
}
Event: 4.578 GC heap before
{Heap before GC invocations=8 (full 0):
 garbage-first heap   total 68608K, used 24416K [0x0000000080000000, 0x0000000100000000)
  region size 1024K, 6 young (6144K), 4 survivors (4096K)
 Metaspace       used 35606K, committed 35968K, reserved 1081344K
  class space    used 4875K, committed 5056K, reserved 1048576K
}
Event: 4.580 GC heap after
{Heap after GC invocations=9 (full 0):
 garbage-first heap   total 68608K, used 23802K [0x0000000080000000, 0x0000000100000000)
  region size 1024K, 3 young (3072K), 3 survivors (3072K)
 Metaspace       used 35606K, committed 35968K, reserved 1081344K
  class space    used 4875K, committed 5056K, reserved 1048576K
}
Event: 4.994 GC heap before
{Heap before GC invocations=10 (full 0):
 garbage-first heap   total 68608K, used 47354K [0x0000000080000000, 0x0000000100000000)
  region size 1024K, 27 young (27648K), 3 survivors (3072K)
 Metaspace       used 40392K, committed 40768K, reserved 1089536K
  class space    used 5359K, committed 5504K, reserved 1048576K
}
Event: 4.996 GC heap after
{Heap after GC invocations=11 (full 0):
 garbage-first heap   total 68608K, used 28120K [0x0000000080000000, 0x0000000100000000)
  region size 1024K, 4 young (4096K), 4 survivors (4096K)
 Metaspace       used 40392K, committed 40768K, reserved 1089536K
  class space    used 5359K, committed 5504K, reserved 1048576K
}
Event: 4.999 GC heap before
{Heap before GC invocations=11 (full 0):
 garbage-first heap   total 68608K, used 29144K [0x0000000080000000, 0x0000000100000000)
  region size 1024K, 5 young (5120K), 4 survivors (4096K)
 Metaspace       used 40392K, committed 40768K, reserved 1089536K
  class space    used 5359K, committed 5504K, reserved 1048576K
}
Event: 5.001 GC heap after
{Heap after GC invocations=12 (full 0):
 garbage-first heap   total 68608K, used 27977K [0x0000000080000000, 0x0000000100000000)
  region size 1024K, 1 young (1024K), 1 survivors (1024K)
 Metaspace       used 40392K, committed 40768K, reserved 1089536K
  class space    used 5359K, committed 5504K, reserved 1048576K
}
Event: 5.246 GC heap before
{Heap before GC invocations=12 (full 0):
 garbage-first heap   total 68608K, used 52553K [0x0000000080000000, 0x0000000100000000)
  region size 1024K, 22 young (22528K), 1 survivors (1024K)
 Metaspace       used 42864K, committed 43264K, reserved 1089536K
  class space    used 5628K, committed 5760K, reserved 1048576K
}
Event: 5.249 GC heap after
{Heap after GC invocations=13 (full 0):
 garbage-first heap   total 142336K, used 29912K [0x0000000080000000, 0x0000000100000000)
  region size 1024K, 3 young (3072K), 3 survivors (3072K)
 Metaspace       used 42864K, committed 43264K, reserved 1089536K
  class space    used 5628K, committed 5760K, reserved 1048576K
}
Event: 6.281 GC heap before
{Heap before GC invocations=13 (full 0):
 garbage-first heap   total 142336K, used 101592K [0x0000000080000000, 0x0000000100000000)
  region size 1024K, 72 young (73728K), 3 survivors (3072K)
 Metaspace       used 51290K, committed 51776K, reserved 1097728K
  class space    used 6871K, committed 7104K, reserved 1048576K
}
Event: 6.286 GC heap after
{Heap after GC invocations=14 (full 0):
 garbage-first heap   total 142336K, used 34056K [0x0000000080000000, 0x0000000100000000)
  region size 1024K, 7 young (7168K), 7 survivors (7168K)
 Metaspace       used 51290K, committed 51776K, reserved 1097728K
  class space    used 6871K, committed 7104K, reserved 1048576K
}
Event: 12.352 GC heap before
{Heap before GC invocations=14 (full 0):
 garbage-first heap   total 142336K, used 113928K [0x0000000080000000, 0x0000000100000000)
  region size 1024K, 76 young (77824K), 7 survivors (7168K)
 Metaspace       used 53756K, committed 54272K, reserved 1097728K
  class space    used 7153K, committed 7360K, reserved 1048576K
}
Event: 12.358 GC heap after
{Heap after GC invocations=15 (full 0):
 garbage-first heap   total 142336K, used 53627K [0x0000000080000000, 0x0000000100000000)
  region size 1024K, 10 young (10240K), 10 survivors (10240K)
 Metaspace       used 53756K, committed 54272K, reserved 1097728K
  class space    used 7153K, committed 7360K, reserved 1048576K
}

