# JRE version: OpenJDK Runtime Environment (17.0.6) (build 17.0.6+0-b2043.56-10027231)
# Java VM: OpenJDK 64-Bit Server VM (17.0.6+0-b2043.56-10027231, mixed mode, tiered, compressed oops, compressed class ptrs, g1 gc, windows-amd64)
GC Precious Log:
 CPUs: 12 total, 12 available
 Memory: 7521M
 Large Page Support: Disabled
 NUMA Support: Disabled
 Compressed Oops: Enabled (32-bit)
 Heap Region Size: 1M
 Heap Min Capacity: 8M
 Heap Initial Capacity: 118M
 Heap Max Capacity: 2G
 Pre-touch: Disabled
 Parallel Workers: 10
 Concurrent Workers: 3
 Concurrent Refinement Workers: 10
 Periodic GC: Disabled
Heap:
 garbage-first heap   total 145408K, used 91752K [0x0000000080000000, 0x0000000100000000)
  region size 1024K, 4 young (4096K), 4 survivors (4096K)
 Metaspace       used 95461K, committed 96128K, reserved 1138688K
  class space    used 13084K, committed 13376K, reserved 1048576K
GC Heap History (20 events):
Event: 15.141 GC heap after
{Heap after GC invocations=38 (full 0):
 garbage-first heap   total 119808K, used 70820K [0x0000000080000000, 0x0000000100000000)
  region size 1024K, 5 young (5120K), 5 survivors (5120K)
 Metaspace       used 76252K, committed 76800K, reserved 1122304K
  class space    used 10164K, committed 10432K, reserved 1048576K
}
Event: 15.491 GC heap before
{Heap before GC invocations=38 (full 0):
 garbage-first heap   total 119808K, used 96420K [0x0000000080000000, 0x0000000100000000)
  region size 1024K, 30 young (30720K), 5 survivors (5120K)
 Metaspace       used 78140K, committed 78656K, reserved 1122304K
  class space    used 10434K, committed 10688K, reserved 1048576K
}
Event: 15.494 GC heap after
{Heap after GC invocations=39 (full 0):
 garbage-first heap   total 144384K, used 72258K [0x0000000080000000, 0x0000000100000000)
  region size 1024K, 3 young (3072K), 3 survivors (3072K)
 Metaspace       used 78140K, committed 78656K, reserved 1122304K
  class space    used 10434K, committed 10688K, reserved 1048576K
}
Event: 16.195 GC heap before
{Heap before GC invocations=40 (full 0):
 garbage-first heap   total 144384K, used 112194K [0x0000000080000000, 0x0000000100000000)
  region size 1024K, 41 young (41984K), 3 survivors (3072K)
 Metaspace       used 82799K, committed 83392K, reserved 1122304K
  class space    used 11289K, committed 11584K, reserved 1048576K
}
Event: 16.198 GC heap after
{Heap after GC invocations=41 (full 0):
 garbage-first heap   total 144384K, used 74139K [0x0000000080000000, 0x0000000100000000)
  region size 1024K, 5 young (5120K), 5 survivors (5120K)
 Metaspace       used 82799K, committed 83392K, reserved 1122304K
  class space    used 11289K, committed 11584K, reserved 1048576K
}
Event: 16.229 GC heap before
{Heap before GC invocations=41 (full 0):
 garbage-first heap   total 144384K, used 75163K [0x0000000080000000, 0x0000000100000000)
  region size 1024K, 7 young (7168K), 5 survivors (5120K)
 Metaspace       used 83061K, committed 83648K, reserved 1122304K
  class space    used 11324K, committed 11584K, reserved 1048576K
}
Event: 16.232 GC heap after
{Heap after GC invocations=42 (full 0):
 garbage-first heap   total 144384K, used 73784K [0x0000000080000000, 0x0000000100000000)
  region size 1024K, 1 young (1024K), 1 survivors (1024K)
 Metaspace       used 83061K, committed 83648K, reserved 1122304K
  class space    used 11324K, committed 11584K, reserved 1048576K
}
Event: 16.805 GC heap before
{Heap before GC invocations=42 (full 0):
 garbage-first heap   total 144384K, used 112696K [0x0000000080000000, 0x0000000100000000)
  region size 1024K, 39 young (39936K), 1 survivors (1024K)
 Metaspace       used 86628K, committed 87232K, reserved 1130496K
  class space    used 11821K, committed 12096K, reserved 1048576K
}
Event: 16.808 GC heap after
{Heap after GC invocations=43 (full 0):
 garbage-first heap   total 144384K, used 75868K [0x0000000080000000, 0x0000000100000000)
  region size 1024K, 3 young (3072K), 3 survivors (3072K)
 Metaspace       used 86628K, committed 87232K, reserved 1130496K
  class space    used 11821K, committed 12096K, reserved 1048576K
}
Event: 17.364 GC heap before
{Heap before GC invocations=44 (full 0):
 garbage-first heap   total 144384K, used 114780K [0x0000000080000000, 0x0000000100000000)
  region size 1024K, 41 young (41984K), 3 survivors (3072K)
 Metaspace       used 90061K, committed 90688K, reserved 1130496K
  class space    used 12319K, committed 12608K, reserved 1048576K
}
Event: 17.368 GC heap after
{Heap after GC invocations=45 (full 0):
 garbage-first heap   total 144384K, used 79742K [0x0000000080000000, 0x0000000100000000)
  region size 1024K, 6 young (6144K), 6 survivors (6144K)
 Metaspace       used 90061K, committed 90688K, reserved 1130496K
  class space    used 12319K, committed 12608K, reserved 1048576K
}
Event: 17.376 GC heap before
{Heap before GC invocations=45 (full 0):
 garbage-first heap   total 144384K, used 80766K [0x0000000080000000, 0x0000000100000000)
  region size 1024K, 7 young (7168K), 6 survivors (6144K)
 Metaspace       used 90218K, committed 90816K, reserved 1130496K
  class space    used 12338K, committed 12608K, reserved 1048576K
}
Event: 17.379 GC heap after
{Heap after GC invocations=46 (full 0):
 garbage-first heap   total 144384K, used 79876K [0x0000000080000000, 0x0000000100000000)
  region size 1024K, 1 young (1024K), 1 survivors (1024K)
 Metaspace       used 90218K, committed 90816K, reserved 1130496K
  class space    used 12338K, committed 12608K, reserved 1048576K
}
Event: 17.848 GC heap before
{Heap before GC invocations=46 (full 0):
 garbage-first heap   total 144384K, used 115716K [0x0000000080000000, 0x0000000100000000)
  region size 1024K, 36 young (36864K), 1 survivors (1024K)
 Metaspace       used 94044K, committed 94656K, reserved 1130496K
  class space    used 12869K, committed 13184K, reserved 1048576K
}
Event: 17.852 GC heap after
{Heap after GC invocations=47 (full 0):
 garbage-first heap   total 144384K, used 81967K [0x0000000080000000, 0x0000000100000000)
  region size 1024K, 3 young (3072K), 3 survivors (3072K)
 Metaspace       used 94044K, committed 94656K, reserved 1130496K
  class space    used 12869K, committed 13184K, reserved 1048576K
}
Event: 18.113 GC heap before
{Heap before GC invocations=48 (full 0):
 garbage-first heap   total 145408K, used 116783K [0x0000000080000000, 0x0000000100000000)
  region size 1024K, 37 young (37888K), 3 survivors (3072K)
 Metaspace       used 94968K, committed 95616K, reserved 1138688K
  class space    used 13001K, committed 13312K, reserved 1048576K
}
Event: 18.118 GC heap after
{Heap after GC invocations=49 (full 0):
 garbage-first heap   total 145408K, used 86866K [0x0000000080000000, 0x0000000100000000)
  region size 1024K, 5 young (5120K), 5 survivors (5120K)
 Metaspace       used 94968K, committed 95616K, reserved 1138688K
  class space    used 13001K, committed 13312K, reserved 1048576K
}
Event: 18.127 GC heap before
{Heap before GC invocations=49 (full 0):
 garbage-first heap   total 145408K, used 88914K [0x0000000080000000, 0x0000000100000000)
  region size 1024K, 7 young (7168K), 5 survivors (5120K)
 Metaspace       used 94969K, committed 95616K, reserved 1138688K
  class space    used 13001K, committed 13312K, reserved 1048576K
}
Event: 18.130 GC heap after
{Heap after GC invocations=50 (full 0):
 garbage-first heap   total 145408K, used 86753K [0x0000000080000000, 0x0000000100000000)
  region size 1024K, 1 young (1024K), 1 survivors (1024K)
 Metaspace       used 94969K, committed 95616K, reserved 1138688K
  class space    used 13001K, committed 13312K, reserved 1048576K
}
Event: 18.347 GC heap before
{Heap before GC invocations=50 (full 0):
 garbage-first heap   total 145408K, used 118497K [0x0000000080000000, 0x0000000100000000)
  region size 1024K, 32 young (32768K), 1 survivors (1024K)
 Metaspace       used 95461K, committed 96128K, reserved 1138688K
  class space    used 13084K, committed 13376K, reserved 1048576K
}

