# JRE version: OpenJDK Runtime Environment (17.0.6) (build 17.0.6+0-b2043.56-10027231)
# Java VM: OpenJDK 64-Bit Server VM (17.0.6+0-b2043.56-10027231, mixed mode, tiered, compressed oops, compressed class ptrs, g1 gc, windows-amd64)
GC Precious Log:
 CPUs: 12 total, 12 available
 Memory: 7521M
 Large Page Support: Disabled
 NUMA Support: Disabled
 Compressed Oops: Enabled (32-bit)
 Heap Region Size: 1M
 Heap Min Capacity: 8M
 Heap Initial Capacity: 118M
 Heap Max Capacity: 2G
 Pre-touch: Disabled
 Parallel Workers: 10
 Concurrent Workers: 3
 Concurrent Refinement Workers: 10
 Periodic GC: Disabled
Heap:
 garbage-first heap   total 120832K, used 62644K [0x0000000080000000, 0x0000000100000000)
  region size 1024K, 3 young (3072K), 3 survivors (3072K)
 Metaspace       used 71049K, committed 71616K, reserved 1114112K
  class space    used 9403K, committed 9664K, reserved 1048576K
GC Heap History (20 events):
Event: 10.371 GC heap after
{Heap after GC invocations=20 (full 0):
 garbage-first heap   total 73728K, used 41896K [0x0000000080000000, 0x0000000100000000)
  region size 1024K, 3 young (3072K), 3 survivors (3072K)
 Metaspace       used 60226K, committed 60736K, reserved 1105920K
  class space    used 7997K, committed 8256K, reserved 1048576K
}
Event: 10.461 GC heap before
{Heap before GC invocations=20 (full 0):
 garbage-first heap   total 73728K, used 45992K [0x0000000080000000, 0x0000000100000000)
  region size 1024K, 9 young (9216K), 3 survivors (3072K)
 Metaspace       used 60292K, committed 60800K, reserved 1105920K
  class space    used 7998K, committed 8256K, reserved 1048576K
}
Event: 10.463 GC heap after
{Heap after GC invocations=21 (full 0):
 garbage-first heap   total 73728K, used 42486K [0x0000000080000000, 0x0000000100000000)
  region size 1024K, 2 young (2048K), 2 survivors (2048K)
 Metaspace       used 60292K, committed 60800K, reserved 1105920K
  class space    used 7998K, committed 8256K, reserved 1048576K
}
Event: 11.448 GC heap before
{Heap before GC invocations=22 (full 0):
 garbage-first heap   total 80896K, used 63990K [0x0000000080000000, 0x0000000100000000)
  region size 1024K, 14 young (14336K), 2 survivors (2048K)
 Metaspace       used 60856K, committed 61376K, reserved 1105920K
  class space    used 8066K, committed 8320K, reserved 1048576K
}
Event: 11.450 GC heap after
{Heap after GC invocations=23 (full 0):
 garbage-first heap   total 80896K, used 57906K [0x0000000080000000, 0x0000000100000000)
  region size 1024K, 2 young (2048K), 2 survivors (2048K)
 Metaspace       used 60856K, committed 61376K, reserved 1105920K
  class space    used 8066K, committed 8320K, reserved 1048576K
}
Event: 11.464 GC heap before
{Heap before GC invocations=23 (full 0):
 garbage-first heap   total 80896K, used 58930K [0x0000000080000000, 0x0000000100000000)
  region size 1024K, 3 young (3072K), 2 survivors (2048K)
 Metaspace       used 61028K, committed 61504K, reserved 1105920K
  class space    used 8089K, committed 8320K, reserved 1048576K
}
Event: 11.465 GC heap after
{Heap after GC invocations=24 (full 0):
 garbage-first heap   total 80896K, used 57871K [0x0000000080000000, 0x0000000100000000)
  region size 1024K, 1 young (1024K), 1 survivors (1024K)
 Metaspace       used 61028K, committed 61504K, reserved 1105920K
  class space    used 8089K, committed 8320K, reserved 1048576K
}
Event: 11.554 GC heap before
{Heap before GC invocations=24 (full 0):
 garbage-first heap   total 80896K, used 62991K [0x0000000080000000, 0x0000000100000000)
  region size 1024K, 7 young (7168K), 1 survivors (1024K)
 Metaspace       used 61841K, committed 62336K, reserved 1105920K
  class space    used 8182K, committed 8448K, reserved 1048576K
}
Event: 11.556 GC heap after
{Heap after GC invocations=25 (full 0):
 garbage-first heap   total 80896K, used 57964K [0x0000000080000000, 0x0000000100000000)
  region size 1024K, 1 young (1024K), 1 survivors (1024K)
 Metaspace       used 61841K, committed 62336K, reserved 1105920K
  class space    used 8182K, committed 8448K, reserved 1048576K
}
Event: 11.682 GC heap before
{Heap before GC invocations=26 (full 0):
 garbage-first heap   total 102400K, used 65132K [0x0000000080000000, 0x0000000100000000)
  region size 1024K, 8 young (8192K), 1 survivors (1024K)
 Metaspace       used 62715K, committed 63232K, reserved 1105920K
  class space    used 8324K, committed 8576K, reserved 1048576K
}
Event: 11.684 GC heap after
{Heap after GC invocations=27 (full 0):
 garbage-first heap   total 102400K, used 58253K [0x0000000080000000, 0x0000000100000000)
  region size 1024K, 1 young (1024K), 1 survivors (1024K)
 Metaspace       used 62715K, committed 63232K, reserved 1105920K
  class space    used 8324K, committed 8576K, reserved 1048576K
}
Event: 11.751 GC heap before
{Heap before GC invocations=27 (full 0):
 garbage-first heap   total 102400K, used 61325K [0x0000000080000000, 0x0000000100000000)
  region size 1024K, 5 young (5120K), 1 survivors (1024K)
 Metaspace       used 63324K, committed 63872K, reserved 1105920K
  class space    used 8412K, committed 8640K, reserved 1048576K
}
Event: 11.752 GC heap after
{Heap after GC invocations=28 (full 0):
 garbage-first heap   total 102400K, used 57897K [0x0000000080000000, 0x0000000100000000)
  region size 1024K, 1 young (1024K), 1 survivors (1024K)
 Metaspace       used 63324K, committed 63872K, reserved 1105920K
  class space    used 8412K, committed 8640K, reserved 1048576K
}
Event: 12.212 GC heap before
{Heap before GC invocations=28 (full 0):
 garbage-first heap   total 102400K, used 78377K [0x0000000080000000, 0x0000000100000000)
  region size 1024K, 21 young (21504K), 1 survivors (1024K)
 Metaspace       used 66654K, committed 67200K, reserved 1114112K
  class space    used 8790K, committed 9024K, reserved 1048576K
}
Event: 12.214 GC heap after
{Heap after GC invocations=29 (full 0):
 garbage-first heap   total 102400K, used 58642K [0x0000000080000000, 0x0000000100000000)
  region size 1024K, 2 young (2048K), 2 survivors (2048K)
 Metaspace       used 66654K, committed 67200K, reserved 1114112K
  class space    used 8790K, committed 9024K, reserved 1048576K
}
Event: 12.671 GC heap before
{Heap before GC invocations=30 (full 0):
 garbage-first heap   total 102400K, used 80146K [0x0000000080000000, 0x0000000100000000)
  region size 1024K, 23 young (23552K), 2 survivors (2048K)
 Metaspace       used 69888K, committed 70528K, reserved 1114112K
  class space    used 9253K, committed 9536K, reserved 1048576K
}
Event: 12.674 GC heap after
{Heap after GC invocations=31 (full 0):
 garbage-first heap   total 102400K, used 60770K [0x0000000080000000, 0x0000000100000000)
  region size 1024K, 3 young (3072K), 3 survivors (3072K)
 Metaspace       used 69888K, committed 70528K, reserved 1114112K
  class space    used 9253K, committed 9536K, reserved 1048576K
}
Event: 12.699 GC heap before
{Heap before GC invocations=31 (full 0):
 garbage-first heap   total 102400K, used 63842K [0x0000000080000000, 0x0000000100000000)
  region size 1024K, 5 young (5120K), 3 survivors (3072K)
 Metaspace       used 69927K, committed 70528K, reserved 1114112K
  class space    used 9257K, committed 9536K, reserved 1048576K
}
Event: 12.702 GC heap after
{Heap after GC invocations=32 (full 0):
 garbage-first heap   total 102400K, used 61720K [0x0000000080000000, 0x0000000100000000)
  region size 1024K, 1 young (1024K), 1 survivors (1024K)
 Metaspace       used 69927K, committed 70528K, reserved 1114112K
  class space    used 9257K, committed 9536K, reserved 1048576K
}
Event: 13.027 GC heap before
{Heap before GC invocations=32 (full 0):
 garbage-first heap   total 102400K, used 86296K [0x0000000080000000, 0x0000000100000000)
  region size 1024K, 20 young (20480K), 1 survivors (1024K)
 Metaspace       used 71049K, committed 71616K, reserved 1114112K
  class space    used 9403K, committed 9664K, reserved 1048576K
}

