# JRE version: OpenJDK Runtime Environment (17.0.6) (build 17.0.6+0-b2043.56-10027231)
# Java VM: OpenJDK 64-Bit Server VM (17.0.6+0-b2043.56-10027231, mixed mode, tiered, compressed oops, compressed class ptrs, g1 gc, windows-amd64)
GC Precious Log:
 CPUs: 12 total, 12 available
 Memory: 7521M
 Large Page Support: Disabled
 NUMA Support: Disabled
 Compressed Oops: Enabled (32-bit)
 Heap Region Size: 1M
 Heap Min Capacity: 8M
 Heap Initial Capacity: 118M
 Heap Max Capacity: 2G
 Pre-touch: Disabled
 Parallel Workers: 10
 Concurrent Workers: 3
 Concurrent Refinement Workers: 10
 Periodic GC: Disabled
Heap:
 garbage-first heap   total 247808K, used 143360K [0x0000000080000000, 0x0000000100000000)
  region size 1024K, 9 young (9216K), 9 survivors (9216K)
 Metaspace       used 101379K, committed 102208K, reserved 1138688K
  class space    used 13743K, committed 14144K, reserved 1048576K
GC Heap History (20 events):
Event: 15.634 GC heap after
{Heap after GC invocations=52 (full 0):
 garbage-first heap   total 190464K, used 126400K [0x0000000080000000, 0x0000000100000000)
  region size 1024K, 4 young (4096K), 4 survivors (4096K)
 Metaspace       used 99039K, committed 99776K, reserved 1138688K
  class space    used 13557K, committed 13888K, reserved 1048576K
}
Event: 15.806 GC heap before
{Heap before GC invocations=52 (full 0):
 garbage-first heap   total 190464K, used 159168K [0x0000000080000000, 0x0000000100000000)
  region size 1024K, 37 young (37888K), 4 survivors (4096K)
 Metaspace       used 99173K, committed 99968K, reserved 1138688K
  class space    used 13567K, committed 13952K, reserved 1048576K
}
Event: 15.810 GC heap after
{Heap after GC invocations=53 (full 0):
 garbage-first heap   total 229376K, used 128137K [0x0000000080000000, 0x0000000100000000)
  region size 1024K, 4 young (4096K), 4 survivors (4096K)
 Metaspace       used 99173K, committed 99968K, reserved 1138688K
  class space    used 13567K, committed 13952K, reserved 1048576K
}
Event: 15.892 GC heap before
{Heap before GC invocations=53 (full 0):
 garbage-first heap   total 229376K, used 131209K [0x0000000080000000, 0x0000000100000000)
  region size 1024K, 8 young (8192K), 4 survivors (4096K)
 Metaspace       used 99705K, committed 100416K, reserved 1138688K
  class space    used 13644K, committed 14016K, reserved 1048576K
}
Event: 15.895 GC heap after
{Heap after GC invocations=54 (full 0):
 garbage-first heap   total 229376K, used 128295K [0x0000000080000000, 0x0000000100000000)
  region size 1024K, 4 young (4096K), 4 survivors (4096K)
 Metaspace       used 99705K, committed 100416K, reserved 1138688K
  class space    used 13644K, committed 14016K, reserved 1048576K
}
Event: 403.604 GC heap before
{Heap before GC invocations=55 (full 0):
 garbage-first heap   total 229376K, used 189735K [0x0000000080000000, 0x0000000100000000)
  region size 1024K, 65 young (66560K), 4 survivors (4096K)
 Metaspace       used 100270K, committed 101056K, reserved 1138688K
  class space    used 13679K, committed 14080K, reserved 1048576K
}
Event: 403.657 GC heap after
{Heap after GC invocations=56 (full 0):
 garbage-first heap   total 229376K, used 132262K [0x0000000080000000, 0x0000000100000000)
  region size 1024K, 8 young (8192K), 8 survivors (8192K)
 Metaspace       used 100270K, committed 101056K, reserved 1138688K
  class space    used 13679K, committed 14080K, reserved 1048576K
}
Event: 403.824 GC heap before
{Heap before GC invocations=56 (full 0):
 garbage-first heap   total 229376K, used 135334K [0x0000000080000000, 0x0000000100000000)
  region size 1024K, 11 young (11264K), 8 survivors (8192K)
 Metaspace       used 100311K, committed 101120K, reserved 1138688K
  class space    used 13683K, committed 14080K, reserved 1048576K
}
Event: 403.869 GC heap after
{Heap after GC invocations=57 (full 0):
 garbage-first heap   total 229376K, used 131083K [0x0000000080000000, 0x0000000100000000)
  region size 1024K, 2 young (2048K), 2 survivors (2048K)
 Metaspace       used 100311K, committed 101120K, reserved 1138688K
  class space    used 13683K, committed 14080K, reserved 1048576K
}
Event: 405.476 GC heap before
{Heap before GC invocations=57 (full 0):
 garbage-first heap   total 229376K, used 191499K [0x0000000080000000, 0x0000000100000000)
  region size 1024K, 62 young (63488K), 2 survivors (2048K)
 Metaspace       used 100785K, committed 101504K, reserved 1138688K
  class space    used 13703K, committed 14080K, reserved 1048576K
}
Event: 405.483 GC heap after
{Heap after GC invocations=58 (full 0):
 garbage-first heap   total 229376K, used 138605K [0x0000000080000000, 0x0000000100000000)
  region size 1024K, 8 young (8192K), 8 survivors (8192K)
 Metaspace       used 100785K, committed 101504K, reserved 1138688K
  class space    used 13703K, committed 14080K, reserved 1048576K
}
Event: 484.330 GC heap before
{Heap before GC invocations=58 (full 0):
 garbage-first heap   total 229376K, used 189805K [0x0000000080000000, 0x0000000100000000)
  region size 1024K, 59 young (60416K), 8 survivors (8192K)
 Metaspace       used 101013K, committed 101824K, reserved 1138688K
  class space    used 13727K, committed 14144K, reserved 1048576K
}
Event: 484.614 GC heap after
{Heap after GC invocations=59 (full 0):
 garbage-first heap   total 229376K, used 142255K [0x0000000080000000, 0x0000000100000000)
  region size 1024K, 4 young (4096K), 4 survivors (4096K)
 Metaspace       used 101013K, committed 101824K, reserved 1138688K
  class space    used 13727K, committed 14144K, reserved 1048576K
}
Event: 487.873 GC heap before
{Heap before GC invocations=60 (full 0):
 garbage-first heap   total 247808K, used 189359K [0x0000000080000000, 0x0000000100000000)
  region size 1024K, 51 young (52224K), 4 survivors (4096K)
 Metaspace       used 101189K, committed 102016K, reserved 1138688K
  class space    used 13730K, committed 14144K, reserved 1048576K
}
Event: 487.887 GC heap after
{Heap after GC invocations=61 (full 0):
 garbage-first heap   total 247808K, used 147969K [0x0000000080000000, 0x0000000100000000)
  region size 1024K, 7 young (7168K), 7 survivors (7168K)
 Metaspace       used 101189K, committed 102016K, reserved 1138688K
  class space    used 13730K, committed 14144K, reserved 1048576K
}
Event: 488.032 GC heap before
{Heap before GC invocations=61 (full 0):
 garbage-first heap   total 247808K, used 153089K [0x0000000080000000, 0x0000000100000000)
  region size 1024K, 12 young (12288K), 7 survivors (7168K)
 Metaspace       used 101217K, committed 102080K, reserved 1138688K
  class space    used 13730K, committed 14144K, reserved 1048576K
}
Event: 488.073 GC heap after
{Heap after GC invocations=62 (full 0):
 garbage-first heap   total 247808K, used 135834K [0x0000000080000000, 0x0000000100000000)
  region size 1024K, 2 young (2048K), 2 survivors (2048K)
 Metaspace       used 101217K, committed 102080K, reserved 1138688K
  class space    used 13730K, committed 14144K, reserved 1048576K
}
Event: 488.344 GC heap before
{Heap before GC invocations=62 (full 0):
 garbage-first heap   total 247808K, used 145050K [0x0000000080000000, 0x0000000100000000)
  region size 1024K, 12 young (12288K), 2 survivors (2048K)
 Metaspace       used 101249K, committed 102080K, reserved 1138688K
  class space    used 13731K, committed 14144K, reserved 1048576K
}
Event: 488.355 GC heap after
{Heap after GC invocations=63 (full 0):
 garbage-first heap   total 247808K, used 135719K [0x0000000080000000, 0x0000000100000000)
  region size 1024K, 2 young (2048K), 2 survivors (2048K)
 Metaspace       used 101249K, committed 102080K, reserved 1138688K
  class space    used 13731K, committed 14144K, reserved 1048576K
}
Event: 489.616 GC heap before
{Heap before GC invocations=63 (full 0):
 garbage-first heap   total 247808K, used 204327K [0x0000000080000000, 0x0000000100000000)
  region size 1024K, 69 young (70656K), 2 survivors (2048K)
 Metaspace       used 101379K, committed 102208K, reserved 1138688K
  class space    used 13743K, committed 14144K, reserved 1048576K
}

